<?xml version="1.0" encoding="UTF-8"?>
<robot generator="Robot 6.0.1 (Python 3.10.5 on win32)" generated="20221216 17:31:51.665" rpa="false" schemaversion="3">
<suite id="s1" name="TC" source="J:\SQA Concepts\Rest API Testing Using Robot Framework in Python\Git\RestAPIAutomation_with_RobotFramework\TestCases\TC.robot">
<test id="s1-t1" name="TC1: Return the list of all books along with description (GET)" line="13">
<kw name="Create Session" library="RequestsLibrary">
<arg>mysession</arg>
<arg>${base_url}</arg>
<doc>Create Session: create a HTTP session to a server</doc>
<msg timestamp="20221216 17:31:51.951" level="INFO">Creating Session using : alias=mysession, url=https://fakerestapi.azurewebsites.net, headers={},                     cookies={}, auth=None, timeout=None, proxies=None, verify=False,                     debug=0 </msg>
<status status="PASS" starttime="20221216 17:31:51.951" endtime="20221216 17:31:51.951"/>
</kw>
<kw name="Get Request" library="RequestsLibrary">
<var>${response}</var>
<arg>mysession</arg>
<arg>${relative_uli}</arg>
<doc>*DEPRECATED* Please use `GET On Session` instead.</doc>
<msg timestamp="20221216 17:31:51.951" level="WARN">Keyword 'RequestsLibrary.Get Request' is deprecated. Please use `GET On Session` instead.</msg>
<msg timestamp="20221216 17:32:12.320" level="INFO">GET Request : url=https://fakerestapi.azurewebsites.net/api/v1/Books 
 path_url=/api/v1/Books 
 headers={'User-Agent': 'python-requests/2.28.1', 'Accept-Encoding': 'gzip, deflate', 'Accept': '*/*', 'Connection': 'keep-alive'} 
 body=None 
 </msg>
<msg timestamp="20221216 17:32:12.320" level="INFO">GET Response : url=https://fakerestapi.azurewebsites.net/api/v1/Books 
 status=200, reason=OK 
 headers={'Content-Type': 'application/json; charset=utf-8; v=1.0', 'Date': 'Fri, 16 Dec 2022 11:31:52 GMT', 'Server': 'Kestrel', 'Transfer-Encoding': 'chunked', 'api-supported-versions': '1.0'} 
 body=[{"id":1,"title":"Book 1","description":"Et praesent sit stet sea ea zzril stet eos dolor consequat dolores et rebum euismod sea iusto veniam. Et et no ut tempor. Velit amet sea duo option rebum et consequat ut stet sed lorem. Duo consetetur justo nonumy amet sadipscing vulputate voluptua vero mazim. Dolor rebum nonumy magna invidunt sit takimata sed sadipscing vero consectetuer takimata at tempor volutpat. Sadipscing tempor dolor vero amet blandit eirmod iusto et diam quis amet gubergren. Sed et et elit ipsum dolor est consequat justo rebum sed clita rebum et et. Sed facilisis nonumy et sed quis tempor in in erat amet lorem dolor no wisi ut sed. Amet consetetur sit labore elitr diam invidunt ut no commodo no elitr sea facer molestie voluptua velit. Dolor gubergren diam invidunt dolore ut dolore nonumy.\n","pageCount":100,"excerpt":"Tempor consetetur in diam consequat accumsan eos. Sed amet hendrerit. Eirmod no accumsan stet accumsan accusam duo consetetur sed luptatum lorem sadipscing ea et consequat. Lorem stet voluptua dolores kasd clita erat sed exerci erat consetetur et ipsum et gubergren tempor. Ipsum sit sit justo in et labore ipsum takimata lorem amet et. Zzril exerci vulputate sit et amet dolore vero sit lorem vero hendrerit takimata at gubergren dolor. Rebum est et magna. Accusam est vel invidunt. Dolor voluptua ex accusam accusam consetetur. Rebum nonumy liber duo aliquyam eirmod luptatum nibh dolore et. Sadipscing invidunt magna consectetuer dolor dolores ut est ut voluptua amet ut consequat ut tation.\nErat rebum facilisis. Eirmod no vulputate sanctus sit vero ea sit magna sit sit voluptua. Esse et justo ullamcorper eirmod nonumy nulla kasd eos elit adipiscing eirmod. Et nihil clita sit erat no aliquyam et est nibh nonumy sit.\nDuo et no lorem eirmod kasd nostrud. Commodo zzril gubergren elitr takimata diam gubergren minim et diam nonumy eirmod et voluptua diam velit diam illum amet. Sadipscing ea sed ea at dolor diam consetetur amet quis et ipsum invidunt dolore stet sit labore. Sadipscing dolor voluptua ipsum. Elit vero amet est dolor. Et lobortis ut ullamcorper voluptua. Lobortis augue labore sed blandit sed invidunt magna magna eum lorem ea magna amet lorem ipsum justo voluptua. Erat et ea eirmod minim et duo feugiat et. Gubergren accusam enim nam sit invidunt est eirmod justo nihil rebum eu sed aliquip nonumy molestie ipsum. Et ut ut sit labore lobortis. Ut kasd duis vel amet rebum ut dolore laoreet augue takimata ut augue ut lorem amet diam. Et ipsum sanctus duis ex dolor sed gubergren hendrerit. Iusto duo dolore vulputate eirmod eu tincidunt accusam at voluptua accusam ipsum stet in iriure.\nKasd option feugait. Magna est ea. Stet clita magna rebum ut consetetur suscipit duis duo ullamcorper eos nonumy eos esse takimata amet. Ad rebum laoreet ipsum clita et rebum praesent et amet consetetur amet et amet tation magna. Sanctus enim sanctus dolor eu ut sed rebum delenit et et lorem dolor. Eirmod in te elitr no consequat lorem blandit nisl justo enim nonumy sit ut amet dolores autem ut erat. Elit et ipsum eirmod stet dolore et et iriure. Consetetur et dolores amet takimata et nisl diam sed sed. Elitr ut sanctus ipsum invidunt stet eu congue commodo et kasd sed dolores facilisi facilisis ea ut lorem. Placerat dolor feugiat diam laoreet et sed ea vero et dolore sanctus vero. Sed adipiscing sed aliquyam illum et diam mazim sit eleifend ea. Iriure duo iriure ut vero voluptua takimata diam ut iriure gubergren consetetur et sit. Feugiat rebum duo aliquyam sadipscing gubergren et sed lorem et dolores takimata. Aliquyam no est. No dolor dolores kasd voluptua consectetuer blandit in takimata ipsum ipsum lorem placerat nulla. Eros accusam magna amet amet est consetetur accusam kasd eros velit erat tempor et ut facilisi.\nNonumy delenit eirmod aliquyam duis eirmod dolor hendrerit laoreet lorem aliquam sit et elit qui eirmod eirmod sit minim. In nonummy diam est. Ut duo gubergren et accusam elitr imperdiet kasd. Ipsum rebum gubergren dolore voluptua at diam sea ut diam kasd et. Et voluptua dolore magna elit hendrerit stet. Stet nonumy ea nonumy labore clita elit ut et nisl nihil stet magna lorem elitr at sit eirmod elitr. Suscipit imperdiet erat consetetur. Dolor sed erat nostrud dolore lorem. Invidunt veniam et et voluptua duis vel. Aliquyam duo at wisi autem. Dolore sanctus diam dolor no facilisis ut ut feugait dolores sed labore eirmod no sit dolore. Vel erat takimata dolores eos sea et eirmod. Iusto amet facilisi ad in dolore veniam accusam odio sit sed facilisi ut nulla consectetuer ad. Erat est ut erat no consequat diam erat diam rebum exerci euismod.\n","publishDate":"2022-12-15T11:31:53.0394495+00:00"},{"id":2,"title":"Book 2","description":"Takimata commodo possim dolor labore invidunt iriure elitr gubergren magna. Est aliquip sadipscing sit et dolor eirmod diam commodo. Accusam dolor ea illum exerci. Eos elit delenit justo at sit. Sed eirmod amet takimata eros ipsum eos eu eum no takimata vel sit labore. Lorem diam enim eirmod augue magna dolore labore ut justo molestie diam eirmod ad no. Sed sit at eros no eum sea duo. Ut ipsum duo et facilisis rebum amet sed consequat sed vero diam et elitr sit lobortis dolores zzril. Quod eos zzril dolores nonummy feugiat. Kasd nostrud sed stet augue aliquyam gubergren invidunt dolor labore nam sea sit dolor sanctus erat dolor.\n","pageCount":200,"excerpt":"Sanctus et labore id luptatum et autem. Facilisis voluptua labore ut amet amet facilisis sadipscing diam voluptua elit consetetur duis exerci dolor. Et sed nostrud ut assum eos sed invidunt vero diam. Facilisis invidunt ea rebum nibh et no dolore sit ea ea. Labore ea sed congue ut invidunt nisl aliquyam ut duis sanctus ipsum dolore gubergren sit.\nTe dolor sanctus diam kasd diam sea tation augue dolores nonumy kasd sadipscing et. Erat lorem ipsum lorem dolore vel duo vero dolore. Aliquyam nostrud dolor est est. Amet aliquyam sed dolor ut et suscipit et takimata.\nSanctus nulla sanctus at sanctus justo in tation. Vel iriure euismod diam sed amet sadipscing ipsum sanctus justo ipsum. Sea dolor eu erat et et eirmod ea gubergren assum ipsum eirmod. Clita vero adipiscing est iusto veniam amet duo labore. Te dolor amet sea dolore consetetur voluptua accusam consectetuer ad ut gubergren consetetur eos takimata odio. Sit at elitr et stet justo. Vero magna doming facilisis et at rebum euismod. Labore consectetuer no erat sit at amet et ea accusam. Justo justo lorem dolor erat dolor rebum ipsum no accumsan gubergren illum consetetur sed. Gubergren dolore sanctus magna dolore ipsum sed magna commodo vero autem. Sanctus clita labore. Stet dolor invidunt ex et autem dolor justo eros amet diam in facilisi sed. At magna illum eos consectetuer et diam vero magna erat diam. Stet tempor duis consequat sadipscing labore feugait et dolore erat sanctus. Consequat sit ut ut clita esse sed lorem clita consequat autem labore. Molestie iusto elitr suscipit et vel.\nVolutpat nonummy erat diam amet aliquam erat ea dolor nonumy accusam facilisi kasd takimata dolor sed magna dolore. Diam hendrerit nonumy takimata sea tempor esse lorem diam invidunt wisi. Labore sed dolor labore sit. Te et voluptua et consetetur elitr aliquyam dolores ipsum duo facilisis nonumy stet duo et. Augue wisi congue suscipit erat erat et tempor clita et sed nulla et.\nDiam nihil vel molestie. Rebum veniam sed. Dolore sit kasd sanctus diam vel sed iusto. Invidunt enim takimata. Eirmod esse vel takimata sadipscing tempor amet dolore cum nisl sit dolore minim invidunt ipsum. Dolore magna sed dolore sed rebum quis nulla eirmod accumsan ut et invidunt clita sit aliquyam eu. Dolores vulputate luptatum dolore vel sit lorem te sadipscing lorem invidunt justo ea vel sed sanctus. Eirmod eos invidunt feugiat nisl molestie elit. Labore et no dolores assum dolores luptatum. Ea ipsum vero accusam magna. Est ut clita nonumy sea et vulputate et vero. Dolore sit ipsum est kasd lorem accusam ipsum ad nonumy at accumsan sed est diam stet invidunt. Duo ipsum at consetetur duis. Sanctus hendrerit diam sed rebum liber in consetetur justo. Sed accusam ea eros gubergren eirmod amet molestie. Takimata blandit elitr commodo justo labore sed erat kasd dolore te imperdiet est eros dolores.\n","publishDate":"2022-12-14T11:31:53.0395087+00:00"},{"id":3,"title":"Book 3","description":"Sit tempor autem justo dignissim sed sit aliquyam sadipscing. Ex nulla nobis feugait est at magna ea aliquyam gubergren eos in invidunt nonummy vulputate. Aliquam ut amet sed kasd dolor ea consequat eos. Hendrerit vero sit feugiat erat et lorem duis takimata dolore dolore et ea sanctus sea eirmod sit at eos. Accumsan dolores eu et stet gubergren praesent clita invidunt dolor et no sanctus sea gubergren nulla iusto. Dolor consetetur eos hendrerit dolore takimata.\n","pageCount":300,"excerpt":"Elit ipsum et vero invidunt dolor nonumy consequat lorem ipsum aliquyam minim. Takimata eleifend ut. Dolor feugiat kasd luptatum aliquyam sed duo odio ipsum diam sadipscing consequat vel sadipscing sed. Et amet diam amet molestie nulla accusam diam illum kasd sed zzril consetetur est aliquam et sed ut tempor. Ipsum lorem accusam dolore no ipsum at iriure sadipscing sed kasd consequat delenit magna molestie justo amet consectetuer consetetur. Dolore ad voluptua est enim id aliquyam tempor.\nEos sit eos rebum volutpat feugait gubergren clita dolor vero lobortis tincidunt rebum assum accumsan. Diam et lorem sit vel iriure erat sed. Qui et velit sadipscing lorem sit duo dolor sanctus. Takimata sit erat. Ut hendrerit no clita labore tempor ut dolore et lorem clita assum sadipscing aliquyam aliquyam duo. Enim feugiat est tempor est suscipit no aliquam dolor. Stet voluptua et dolor vel lorem amet. Amet lorem tempor elitr vulputate quis sit accusam molestie magna vero. Facer molestie ipsum diam luptatum. Autem sed dolor justo no clita.\nEt in et et at dolor et dolore clita ut erat sit. Sed facilisi eirmod voluptua nam at dolore ex... (set the log level to DEBUG or TRACE to see the full content) 
 </msg>
<msg timestamp="20221216 17:32:12.320" level="INFO">J:\SQA Concepts\Rest API Testing Using Robot Framework in Python\Git\RestAPIAutomation_with_RobotFramework\venv\lib\site-packages\urllib3\connectionpool.py:1045: InsecureRequestWarning: Unverified HTTPS request is being made to host 'fakerestapi.azurewebsites.net'. Adding certificate verification is strongly advised. See: https://urllib3.readthedocs.io/en/1.26.x/advanced-usage.html#ssl-warnings
  warnings.warn(</msg>
<msg timestamp="20221216 17:32:12.320" level="INFO">${response} = &lt;Response [200]&gt;</msg>
<status status="PASS" starttime="20221216 17:31:51.951" endtime="20221216 17:32:12.320"/>
</kw>
<kw name="Log To Console" library="BuiltIn">
<arg>${response.status_code}</arg>
<doc>Logs the given message to the console.</doc>
<status status="PASS" starttime="20221216 17:32:12.320" endtime="20221216 17:32:12.320"/>
</kw>
<kw name="Should Be Equal As Strings" library="BuiltIn">
<arg>${response.status_code}</arg>
<arg>200</arg>
<doc>Fails if objects are unequal after converting them to strings.</doc>
<msg timestamp="20221216 17:32:12.335" level="INFO">Argument types are:
&lt;class 'int'&gt;
&lt;class 'str'&gt;</msg>
<status status="PASS" starttime="20221216 17:32:12.320" endtime="20221216 17:32:12.335"/>
</kw>
<kw name="Get From Dictionary" library="Collections">
<var>${contentTypeValue}</var>
<arg>${response.headers}</arg>
<arg>Content-Type</arg>
<doc>Returns a value from the given ``dictionary`` based on the given ``key``.</doc>
<msg timestamp="20221216 17:32:12.335" level="INFO">${contentTypeValue} = application/json; charset=utf-8; v=1.0</msg>
<status status="PASS" starttime="20221216 17:32:12.335" endtime="20221216 17:32:12.335"/>
</kw>
<kw name="Should Be Equal As Strings" library="BuiltIn">
<arg>${contentTypeValue}</arg>
<arg>application/json; charset=utf-8; v=1.0</arg>
<doc>Fails if objects are unequal after converting them to strings.</doc>
<status status="PASS" starttime="20221216 17:32:12.335" endtime="20221216 17:32:12.335"/>
</kw>
<status status="PASS" starttime="20221216 17:31:51.951" endtime="20221216 17:32:12.335"/>
</test>
<test id="s1-t2" name="TC2: Add a new book resource (POST)" line="24">
<kw name="Create Session" library="RequestsLibrary">
<arg>mysession</arg>
<arg>${base_url}</arg>
<doc>Create Session: create a HTTP session to a server</doc>
<msg timestamp="20221216 17:32:12.335" level="INFO">Creating Session using : alias=mysession, url=https://fakerestapi.azurewebsites.net, headers={},                     cookies={}, auth=None, timeout=None, proxies=None, verify=False,                     debug=0 </msg>
<status status="PASS" starttime="20221216 17:32:12.335" endtime="20221216 17:32:12.335"/>
</kw>
<kw name="Create Dictionary" library="BuiltIn">
<var>${body}</var>
<arg>id=200</arg>
<arg>title=Robot Framework</arg>
<arg>description=RestAPI Automation in python usibg robot framework</arg>
<arg>pageCount=50</arg>
<arg>excerpt=string</arg>
<arg>publishDate=2022-12-16T05:43:22.937Z</arg>
<doc>Creates and returns a dictionary based on the given ``items``.</doc>
<msg timestamp="20221216 17:32:12.335" level="INFO">${body} = {'id': '200', 'title': 'Robot Framework', 'description': 'RestAPI Automation in python usibg robot framework', 'pageCount': '50', 'excerpt': 'string', 'publishDate': '2022-12-16T05:43:22.937Z'}</msg>
<status status="PASS" starttime="20221216 17:32:12.335" endtime="20221216 17:32:12.335"/>
</kw>
<kw name="Create Dictionary" library="BuiltIn">
<var>${header}</var>
<arg>Content-Type=application/json</arg>
<doc>Creates and returns a dictionary based on the given ``items``.</doc>
<msg timestamp="20221216 17:32:12.335" level="INFO">${header} = {'Content-Type': 'application/json'}</msg>
<status status="PASS" starttime="20221216 17:32:12.335" endtime="20221216 17:32:12.335"/>
</kw>
<kw name="Post Request" library="RequestsLibrary">
<var>${response}</var>
<arg>mysession</arg>
<arg>${relative_uli}</arg>
<arg>data=${body}</arg>
<arg>headers=${header}</arg>
<doc>*DEPRECATED* Please use `POST On Session` instead.</doc>
<msg timestamp="20221216 17:32:12.335" level="WARN">Keyword 'RequestsLibrary.Post Request' is deprecated. Please use `POST On Session` instead.</msg>
<msg timestamp="20221216 17:32:13.337" level="INFO">POST Request : url=https://fakerestapi.azurewebsites.net/api/v1/Books 
 path_url=/api/v1/Books 
 headers={'User-Agent': 'python-requests/2.28.1', 'Accept-Encoding': 'gzip, deflate', 'Accept': '*/*', 'Connection': 'keep-alive', 'Content-Type': 'application/json', 'Content-Length': '193'} 
 body={"id": "200", "title": "Robot Framework", "description": "RestAPI Automation in python usibg robot framework", "pageCount": "50", "excerpt": "string", "publishDate": "2022-12-16T05:43:22.937Z"} 
 </msg>
<msg timestamp="20221216 17:32:13.337" level="INFO">POST Response : url=https://fakerestapi.azurewebsites.net/api/v1/Books 
 status=200, reason=OK 
 headers={'Content-Type': 'application/json; charset=utf-8; v=1.0', 'Date': 'Fri, 16 Dec 2022 11:32:12 GMT', 'Server': 'Kestrel', 'Transfer-Encoding': 'chunked', 'api-supported-versions': '1.0'} 
 body={"id":200,"title":"Robot Framework","description":"RestAPI Automation in python usibg robot framework","pageCount":50,"excerpt":"string","publishDate":"2022-12-16T05:43:22.937Z"} 
 </msg>
<msg timestamp="20221216 17:32:13.337" level="INFO">J:\SQA Concepts\Rest API Testing Using Robot Framework in Python\Git\RestAPIAutomation_with_RobotFramework\venv\lib\site-packages\urllib3\connectionpool.py:1045: InsecureRequestWarning: Unverified HTTPS request is being made to host 'fakerestapi.azurewebsites.net'. Adding certificate verification is strongly advised. See: https://urllib3.readthedocs.io/en/1.26.x/advanced-usage.html#ssl-warnings
  warnings.warn(</msg>
<msg timestamp="20221216 17:32:13.337" level="INFO">${response} = &lt;Response [200]&gt;</msg>
<status status="PASS" starttime="20221216 17:32:12.335" endtime="20221216 17:32:13.337"/>
</kw>
<kw name="Log To Console" library="BuiltIn">
<arg>${response.status_code}</arg>
<doc>Logs the given message to the console.</doc>
<status status="PASS" starttime="20221216 17:32:13.337" endtime="20221216 17:32:13.353"/>
</kw>
<kw name="Log To Console" library="BuiltIn">
<arg>${response.headers}</arg>
<doc>Logs the given message to the console.</doc>
<status status="PASS" starttime="20221216 17:32:13.353" endtime="20221216 17:32:13.353"/>
</kw>
<kw name="Log To Console" library="BuiltIn">
<arg>${response.content}</arg>
<doc>Logs the given message to the console.</doc>
<status status="PASS" starttime="20221216 17:32:13.353" endtime="20221216 17:32:13.353"/>
</kw>
<kw name="Convert To String" library="BuiltIn">
<var>${status_code}</var>
<arg>${response.status_code}</arg>
<doc>Converts the given item to a Unicode string.</doc>
<msg timestamp="20221216 17:32:13.353" level="INFO">${status_code} = 200</msg>
<status status="PASS" starttime="20221216 17:32:13.353" endtime="20221216 17:32:13.353"/>
</kw>
<kw name="Should Be Equal" library="BuiltIn">
<arg>${status_code}</arg>
<arg>200</arg>
<doc>Fails if the given objects are unequal.</doc>
<status status="PASS" starttime="20221216 17:32:13.353" endtime="20221216 17:32:13.353"/>
</kw>
<kw name="Get From Dictionary" library="Collections">
<var>${server}</var>
<arg>${response.headers}</arg>
<arg>Server</arg>
<doc>Returns a value from the given ``dictionary`` based on the given ``key``.</doc>
<msg timestamp="20221216 17:32:13.353" level="INFO">${server} = Kestrel</msg>
<status status="PASS" starttime="20221216 17:32:13.353" endtime="20221216 17:32:13.353"/>
</kw>
<kw name="Should Be Equal As Strings" library="BuiltIn">
<arg>${server}</arg>
<arg>Kestrel</arg>
<doc>Fails if objects are unequal after converting them to strings.</doc>
<status status="PASS" starttime="20221216 17:32:13.353" endtime="20221216 17:32:13.353"/>
</kw>
<kw name="Get From Dictionary" library="Collections">
<var>${apiVersion}</var>
<arg>${response.headers}</arg>
<arg>api-supported-versions</arg>
<doc>Returns a value from the given ``dictionary`` based on the given ``key``.</doc>
<msg timestamp="20221216 17:32:13.353" level="INFO">${apiVersion} = 1.0</msg>
<status status="PASS" starttime="20221216 17:32:13.353" endtime="20221216 17:32:13.353"/>
</kw>
<kw name="Should Be Equal As Strings" library="BuiltIn">
<arg>${apiVersion}</arg>
<arg>1.0</arg>
<doc>Fails if objects are unequal after converting them to strings.</doc>
<status status="PASS" starttime="20221216 17:32:13.353" endtime="20221216 17:32:13.353"/>
</kw>
<kw name="Convert To String" library="BuiltIn">
<var>${title}</var>
<arg>${response.content}</arg>
<doc>Converts the given item to a Unicode string.</doc>
<msg timestamp="20221216 17:32:13.353" level="INFO">${title} = {"id":200,"title":"Robot Framework","description":"RestAPI Automation in python usibg robot framework","pageCount":50,"excerpt":"string","publishDate":"2022-12-16T05:43:22.937Z"}</msg>
<status status="PASS" starttime="20221216 17:32:13.353" endtime="20221216 17:32:13.353"/>
</kw>
<kw name="Should Contain" library="BuiltIn">
<arg>${title}</arg>
<arg>Robot Framework</arg>
<doc>Fails if ``container`` does not contain ``item`` one or more times.</doc>
<status status="PASS" starttime="20221216 17:32:13.353" endtime="20221216 17:32:13.353"/>
</kw>
<kw name="Should Not Contain" library="BuiltIn">
<arg>${title}</arg>
<arg>Robot Framework in py</arg>
<doc>Fails if ``container`` contains ``item`` one or more times.</doc>
<status status="PASS" starttime="20221216 17:32:13.353" endtime="20221216 17:32:13.353"/>
</kw>
<status status="PASS" starttime="20221216 17:32:12.335" endtime="20221216 17:32:13.353"/>
</test>
<test id="s1-t3" name="TC3: Returns a specific book along with details (GET)" line="48">
<kw name="Create Session" library="RequestsLibrary">
<arg>mysession</arg>
<arg>${base_url}</arg>
<doc>Create Session: create a HTTP session to a server</doc>
<msg timestamp="20221216 17:32:13.368" level="INFO">Creating Session using : alias=mysession, url=https://fakerestapi.azurewebsites.net, headers={},                     cookies={}, auth=None, timeout=None, proxies=None, verify=False,                     debug=0 </msg>
<status status="PASS" starttime="20221216 17:32:13.353" endtime="20221216 17:32:13.368"/>
</kw>
<kw name="Get Request" library="RequestsLibrary">
<var>${response}</var>
<arg>mysession</arg>
<arg>${relative_uli}/${param}</arg>
<doc>*DEPRECATED* Please use `GET On Session` instead.</doc>
<msg timestamp="20221216 17:32:13.368" level="WARN">Keyword 'RequestsLibrary.Get Request' is deprecated. Please use `GET On Session` instead.</msg>
<msg timestamp="20221216 17:32:15.138" level="INFO">GET Request : url=https://fakerestapi.azurewebsites.net/api/v1/Books/2 
 path_url=/api/v1/Books/2 
 headers={'User-Agent': 'python-requests/2.28.1', 'Accept-Encoding': 'gzip, deflate', 'Accept': '*/*', 'Connection': 'keep-alive'} 
 body=None 
 </msg>
<msg timestamp="20221216 17:32:15.138" level="INFO">GET Response : url=https://fakerestapi.azurewebsites.net/api/v1/Books/2 
 status=200, reason=OK 
 headers={'Content-Type': 'application/json; charset=utf-8; v=1.0', 'Date': 'Fri, 16 Dec 2022 11:32:14 GMT', 'Server': 'Kestrel', 'Transfer-Encoding': 'chunked', 'api-supported-versions': '1.0'} 
 body={"id":2,"title":"Book 2","description":"Stet et te ut sadipscing qui delenit diam. Rebum dolor eum duis diam tempor sed. Dolore invidunt consequat sit no te diam sed no esse lorem sit eos ipsum sed invidunt. Dolores consetetur molestie tempor gubergren eirmod sed duo ipsum augue nulla amet et. Diam vulputate diam suscipit lorem diam vel sit labore sit ut sed sanctus sanctus dolor iusto in augue sanctus. Vero et consequat consequat tempor dolor ipsum nonummy magna dolor ut tempor tempor dolor vero amet sea aliquyam justo. Dolor dolor voluptua magna elitr augue ut gubergren magna sed luptatum ipsum lorem. Sadipscing facer diam duis no et no nonummy diam lorem elitr dolore sit sea molestie placerat iriure vel.\n","pageCount":200,"excerpt":"Amet ea lorem nonummy est dolor dolor clita takimata. No dolore rebum gubergren ut kasd et ut ea. Sed sed amet eos et invidunt duo lorem kasd. Sit ea invidunt molestie ipsum erat et option takimata. Volutpat nonumy elitr et amet. Nonumy lorem sadipscing amet ipsum elitr duo tempor ut iriure eos amet. Eu voluptua sea duis dolores facilisis eirmod eu gubergren labore kasd amet. Ut sadipscing lorem accusam sed sed ea nonumy dolor ullamcorper praesent rebum at soluta amet. Voluptua ut erat consectetuer. Ipsum consequat ipsum wisi sed labore sed kasd stet et sadipscing sea doming sea kasd magna. Amet est ipsum et mazim. Aliquyam dolores est rebum consetetur velit ea. Sit quod eirmod diam odio sanctus eleifend invidunt ea vel et rebum sadipscing tation sea consetetur. Lorem dolores eirmod amet ea nibh eum dolore tempor esse eum diam elitr. Sea lorem nonumy consetetur nostrud facilisi stet amet. Erat aliquip et clita no. Wisi at nostrud dolor voluptua duo lorem et.\nBlandit gubergren lobortis accusam consetetur elitr sanctus magna. Elit eum labore vero gubergren justo magna lorem duis sed est. Velit nonumy sanctus accusam vero et lorem sea wisi sed erat. Ad gubergren iriure nibh. Eos diam sit sed tempor. Amet voluptua at voluptua duo dolores et nonumy adipiscing dignissim sit stet et duis eum diam amet vulputate. Dolore dignissim at dolores tempor lorem ullamcorper amet cum clita in sadipscing et sit nonumy ad dolores sadipscing aliquyam. Sed sed consetetur stet consectetuer gubergren nulla invidunt. Justo tempor dolor dolor exerci iriure nonummy iriure. Ex dolore est. No aliquyam amet et diam invidunt duo ea magna. Ex amet accusam sit tempor accumsan dolore diam eos. Vero nibh labore euismod quis eirmod justo lorem erat magna tation quod magna feugiat blandit et dolor no. Sea at et zzril sea magna eros magna et tempor delenit tincidunt. Clita ipsum autem at.\nDolor dolore sed stet eos justo. Volutpat magna enim aliquam vero laoreet invidunt ipsum aliquip sed et. Eos nonumy diam dolor sadipscing molestie diam sit sed wisi nonummy placerat ut vulputate in et sanctus dolore. Aliquyam sed rebum amet lorem facilisis sed velit et et et eum feugiat. Et est clita accusam commodo ipsum elitr justo. Nihil magna gubergren elit invidunt. Consetetur magna dolore sit et dolores rebum sea stet accusam clita ea facilisi. Nonumy est ipsum consequat amet amet elitr in molestie elitr nonummy kasd feugait et. Et vero vero eos et iusto lobortis lorem dolor. Tempor diam eum sit duis amet quis lorem. Molestie et dolor et eos clita ipsum diam gubergren est adipiscing ea ipsum quis erat sea voluptua consequat.\nNo et blandit et sanctus. In at diam ipsum ipsum ipsum justo wisi tempor sadipscing minim ea no nonumy clita consequat ullamcorper. Voluptua et nonumy stet dolore magna sed dolore invidunt kasd aliquyam at justo ut odio invidunt aliquyam accusam. Et elitr velit labore voluptua magna et magna amet. Sed vero eirmod erat laoreet sit et aliquyam sit nonumy consetetur et dolore et et et rebum et in. Aliquyam luptatum kasd magna. Est tempor veniam dolores aliquyam voluptua diam nonumy duo labore eos est amet.\nEuismod gubergren voluptua et nonumy lorem. Kasd vero aliquam ipsum elitr. Diam iriure esse et. Justo consequat praesent illum voluptua diam vel sit. Qui aliquyam stet dolore qui diam nonumy aliquyam gubergren eirmod sed illum dolores. Takimata voluptua dolore sit sit ea accumsan eirmod amet ea at dolore ipsum ut sanctus sadipscing gubergren gubergren. Accusam illum ea takimata lorem ea diam et ea consetetur no praesent diam diam ipsum nulla duo est vero. Stet clita lorem diam nonumy erat sadipscing takimata laoreet justo et consectetuer dignissim dolores clita suscipit. Consectetuer vel iriure est voluptua sanctus nonumy rebum magna odio dolor duis sit in ad stet et ea.\n","publishDate":"2022-12-14T11:32:14.8711702+00:00"} 
 </msg>
<msg timestamp="20221216 17:32:15.138" level="INFO">J:\SQA Concepts\Rest API Testing Using Robot Framework in Python\Git\RestAPIAutomation_with_RobotFramework\venv\lib\site-packages\urllib3\connectionpool.py:1045: InsecureRequestWarning: Unverified HTTPS request is being made to host 'fakerestapi.azurewebsites.net'. Adding certificate verification is strongly advised. See: https://urllib3.readthedocs.io/en/1.26.x/advanced-usage.html#ssl-warnings
  warnings.warn(</msg>
<msg timestamp="20221216 17:32:15.138" level="INFO">${response} = &lt;Response [200]&gt;</msg>
<status status="PASS" starttime="20221216 17:32:13.368" endtime="20221216 17:32:15.138"/>
</kw>
<kw name="Log To Console" library="BuiltIn">
<arg>${response.status_code}</arg>
<doc>Logs the given message to the console.</doc>
<status status="PASS" starttime="20221216 17:32:15.138" endtime="20221216 17:32:15.138"/>
</kw>
<kw name="Log To Console" library="BuiltIn">
<arg>${response.content}</arg>
<doc>Logs the given message to the console.</doc>
<status status="PASS" starttime="20221216 17:32:15.138" endtime="20221216 17:32:15.138"/>
</kw>
<kw name="Should Be Equal As Strings" library="BuiltIn">
<arg>${response.status_code}</arg>
<arg>200</arg>
<doc>Fails if objects are unequal after converting them to strings.</doc>
<msg timestamp="20221216 17:32:15.138" level="INFO">Argument types are:
&lt;class 'int'&gt;
&lt;class 'str'&gt;</msg>
<status status="PASS" starttime="20221216 17:32:15.138" endtime="20221216 17:32:15.138"/>
</kw>
<kw name="Get From Dictionary" library="Collections">
<var>${contentTypeValue}</var>
<arg>${response.headers}</arg>
<arg>Content-Type</arg>
<doc>Returns a value from the given ``dictionary`` based on the given ``key``.</doc>
<msg timestamp="20221216 17:32:15.138" level="INFO">${contentTypeValue} = application/json; charset=utf-8; v=1.0</msg>
<status status="PASS" starttime="20221216 17:32:15.138" endtime="20221216 17:32:15.138"/>
</kw>
<kw name="Should Be Equal As Strings" library="BuiltIn">
<arg>${contentTypeValue}</arg>
<arg>application/json; charset=utf-8; v=1.0</arg>
<doc>Fails if objects are unequal after converting them to strings.</doc>
<status status="PASS" starttime="20221216 17:32:15.138" endtime="20221216 17:32:15.138"/>
</kw>
<kw name="Convert To String" library="BuiltIn">
<var>${title}</var>
<arg>${response.content}</arg>
<doc>Converts the given item to a Unicode string.</doc>
<msg timestamp="20221216 17:32:15.138" level="INFO">${title} = {"id":2,"title":"Book 2","description":"Stet et te ut sadipscing qui delenit diam. Rebum dolor eum duis diam tempor sed. Dolore invidunt consequat sit no te diam sed no esse lorem sit eos ipsum sed in...</msg>
<status status="PASS" starttime="20221216 17:32:15.138" endtime="20221216 17:32:15.138"/>
</kw>
<kw name="Should Contain Any" library="BuiltIn">
<arg>${title}</arg>
<arg>Book 2</arg>
<arg>2</arg>
<doc>Fails if ``container`` does not contain any of the ``*items``.</doc>
<status status="PASS" starttime="20221216 17:32:15.138" endtime="20221216 17:32:15.138"/>
</kw>
<status status="PASS" starttime="20221216 17:32:13.353" endtime="20221216 17:32:15.153"/>
</test>
<test id="s1-t4" name="TC4: Update a particular book info (PUT)" line="65">
<kw name="Create Session" library="RequestsLibrary">
<arg>mysession</arg>
<arg>${base_url}</arg>
<doc>Create Session: create a HTTP session to a server</doc>
<msg timestamp="20221216 17:32:15.153" level="INFO">Creating Session using : alias=mysession, url=https://fakerestapi.azurewebsites.net, headers={},                     cookies={}, auth=None, timeout=None, proxies=None, verify=False,                     debug=0 </msg>
<status status="PASS" starttime="20221216 17:32:15.153" endtime="20221216 17:32:15.153"/>
</kw>
<kw name="Create Dictionary" library="BuiltIn">
<var>${body}</var>
<arg>id=2</arg>
<arg>title=Robot Framework</arg>
<arg>description=RestAPI Automation in python usibg robot framework</arg>
<arg>pageCount=50</arg>
<arg>excerpt=string</arg>
<arg>publishDate=2022-12-16T05:43:22.937Z</arg>
<doc>Creates and returns a dictionary based on the given ``items``.</doc>
<msg timestamp="20221216 17:32:15.153" level="INFO">${body} = {'id': '2', 'title': 'Robot Framework', 'description': 'RestAPI Automation in python usibg robot framework', 'pageCount': '50', 'excerpt': 'string', 'publishDate': '2022-12-16T05:43:22.937Z'}</msg>
<status status="PASS" starttime="20221216 17:32:15.153" endtime="20221216 17:32:15.153"/>
</kw>
<kw name="Create Dictionary" library="BuiltIn">
<var>${header}</var>
<arg>Content-Type=application/json</arg>
<doc>Creates and returns a dictionary based on the given ``items``.</doc>
<msg timestamp="20221216 17:32:15.153" level="INFO">${header} = {'Content-Type': 'application/json'}</msg>
<status status="PASS" starttime="20221216 17:32:15.153" endtime="20221216 17:32:15.153"/>
</kw>
<kw name="Put Request" library="RequestsLibrary">
<var>${response}</var>
<arg>mysession</arg>
<arg>${relative_uli}/${param}</arg>
<arg>data=${body}</arg>
<arg>headers=${header}</arg>
<doc>*DEPRECATED* Please use `PUT On Session` instead.</doc>
<msg timestamp="20221216 17:32:15.153" level="WARN">Keyword 'RequestsLibrary.Put Request' is deprecated. Please use `PUT On Session` instead.</msg>
<msg timestamp="20221216 17:32:16.031" level="INFO">PUT Request : url=https://fakerestapi.azurewebsites.net/api/v1/Books/2 
 path_url=/api/v1/Books/2 
 headers={'User-Agent': 'python-requests/2.28.1', 'Accept-Encoding': 'gzip, deflate', 'Accept': '*/*', 'Connection': 'keep-alive', 'Content-Type': 'application/json', 'Content-Length': '191'} 
 body={"id": "2", "title": "Robot Framework", "description": "RestAPI Automation in python usibg robot framework", "pageCount": "50", "excerpt": "string", "publishDate": "2022-12-16T05:43:22.937Z"} 
 </msg>
<msg timestamp="20221216 17:32:16.031" level="INFO">PUT Response : url=https://fakerestapi.azurewebsites.net/api/v1/Books/2 
 status=200, reason=OK 
 headers={'Content-Type': 'application/json; charset=utf-8; v=1.0', 'Date': 'Fri, 16 Dec 2022 11:32:14 GMT', 'Server': 'Kestrel', 'Transfer-Encoding': 'chunked', 'api-supported-versions': '1.0'} 
 body={"id":2,"title":"Robot Framework","description":"RestAPI Automation in python usibg robot framework","pageCount":50,"excerpt":"string","publishDate":"2022-12-16T05:43:22.937Z"} 
 </msg>
<msg timestamp="20221216 17:32:16.031" level="INFO">J:\SQA Concepts\Rest API Testing Using Robot Framework in Python\Git\RestAPIAutomation_with_RobotFramework\venv\lib\site-packages\urllib3\connectionpool.py:1045: InsecureRequestWarning: Unverified HTTPS request is being made to host 'fakerestapi.azurewebsites.net'. Adding certificate verification is strongly advised. See: https://urllib3.readthedocs.io/en/1.26.x/advanced-usage.html#ssl-warnings
  warnings.warn(</msg>
<msg timestamp="20221216 17:32:16.031" level="INFO">${response} = &lt;Response [200]&gt;</msg>
<status status="PASS" starttime="20221216 17:32:15.153" endtime="20221216 17:32:16.031"/>
</kw>
<kw name="Log To Console" library="BuiltIn">
<arg>${response.status_code}</arg>
<doc>Logs the given message to the console.</doc>
<status status="PASS" starttime="20221216 17:32:16.031" endtime="20221216 17:32:16.031"/>
</kw>
<kw name="Log To Console" library="BuiltIn">
<arg>${response.headers}</arg>
<doc>Logs the given message to the console.</doc>
<status status="PASS" starttime="20221216 17:32:16.031" endtime="20221216 17:32:16.031"/>
</kw>
<kw name="Log To Console" library="BuiltIn">
<arg>${response.content}</arg>
<doc>Logs the given message to the console.</doc>
<status status="PASS" starttime="20221216 17:32:16.031" endtime="20221216 17:32:16.031"/>
</kw>
<kw name="Convert To String" library="BuiltIn">
<var>${status_code}</var>
<arg>${response.status_code}</arg>
<doc>Converts the given item to a Unicode string.</doc>
<msg timestamp="20221216 17:32:16.031" level="INFO">${status_code} = 200</msg>
<status status="PASS" starttime="20221216 17:32:16.031" endtime="20221216 17:32:16.031"/>
</kw>
<kw name="Should Be Equal" library="BuiltIn">
<arg>${status_code}</arg>
<arg>200</arg>
<doc>Fails if the given objects are unequal.</doc>
<status status="PASS" starttime="20221216 17:32:16.031" endtime="20221216 17:32:16.031"/>
</kw>
<kw name="Get From Dictionary" library="Collections">
<var>${transferEncoding}</var>
<arg>${response.headers}</arg>
<arg>Transfer-Encoding</arg>
<doc>Returns a value from the given ``dictionary`` based on the given ``key``.</doc>
<msg timestamp="20221216 17:32:16.031" level="INFO">${transferEncoding} = chunked</msg>
<status status="PASS" starttime="20221216 17:32:16.031" endtime="20221216 17:32:16.031"/>
</kw>
<kw name="Should Be Equal As Strings" library="BuiltIn">
<arg>${transferEncoding}</arg>
<arg>chunked</arg>
<doc>Fails if objects are unequal after converting them to strings.</doc>
<status status="PASS" starttime="20221216 17:32:16.031" endtime="20221216 17:32:16.031"/>
</kw>
<kw name="Get From Dictionary" library="Collections">
<var>${apiVersion}</var>
<arg>${response.headers}</arg>
<arg>api-supported-versions</arg>
<doc>Returns a value from the given ``dictionary`` based on the given ``key``.</doc>
<msg timestamp="20221216 17:32:16.031" level="INFO">${apiVersion} = 1.0</msg>
<status status="PASS" starttime="20221216 17:32:16.031" endtime="20221216 17:32:16.031"/>
</kw>
<kw name="Should Be Equal As Strings" library="BuiltIn">
<arg>${apiVersion}</arg>
<arg>1.0</arg>
<doc>Fails if objects are unequal after converting them to strings.</doc>
<status status="PASS" starttime="20221216 17:32:16.031" endtime="20221216 17:32:16.031"/>
</kw>
<kw name="Convert To String" library="BuiltIn">
<var>${title}</var>
<arg>${response.content}</arg>
<doc>Converts the given item to a Unicode string.</doc>
<msg timestamp="20221216 17:32:16.031" level="INFO">${title} = {"id":2,"title":"Robot Framework","description":"RestAPI Automation in python usibg robot framework","pageCount":50,"excerpt":"string","publishDate":"2022-12-16T05:43:22.937Z"}</msg>
<status status="PASS" starttime="20221216 17:32:16.031" endtime="20221216 17:32:16.031"/>
</kw>
<kw name="Should Contain" library="BuiltIn">
<arg>${title}</arg>
<arg>RestAPI Automation in python usibg robot framework</arg>
<doc>Fails if ``container`` does not contain ``item`` one or more times.</doc>
<status status="PASS" starttime="20221216 17:32:16.031" endtime="20221216 17:32:16.031"/>
</kw>
<kw name="Should Not Contain" library="BuiltIn">
<arg>${title}</arg>
<arg>Robot Framework in py</arg>
<doc>Fails if ``container`` contains ``item`` one or more times.</doc>
<status status="PASS" starttime="20221216 17:32:16.047" endtime="20221216 17:32:16.047"/>
</kw>
<status status="PASS" starttime="20221216 17:32:15.153" endtime="20221216 17:32:16.047"/>
</test>
<test id="s1-t5" name="TC5: Delete all info of a specific book (DELETE)" line="89">
<kw name="Create Session" library="RequestsLibrary">
<arg>mysession</arg>
<arg>${base_url}</arg>
<doc>Create Session: create a HTTP session to a server</doc>
<msg timestamp="20221216 17:32:16.047" level="INFO">Creating Session using : alias=mysession, url=https://fakerestapi.azurewebsites.net, headers={},                     cookies={}, auth=None, timeout=None, proxies=None, verify=False,                     debug=0 </msg>
<status status="PASS" starttime="20221216 17:32:16.047" endtime="20221216 17:32:16.047"/>
</kw>
<kw name="Delete Request" library="RequestsLibrary">
<var>${response}</var>
<arg>mysession</arg>
<arg>${relative_uli}/206</arg>
<doc>*DEPRECATED* Please use `DELETE On Session` instead.</doc>
<msg timestamp="20221216 17:32:16.047" level="WARN">Keyword 'RequestsLibrary.Delete Request' is deprecated. Please use `DELETE On Session` instead.</msg>
<msg timestamp="20221216 17:32:16.903" level="INFO">DELETE Request : url=https://fakerestapi.azurewebsites.net/api/v1/Books/206 
 path_url=/api/v1/Books/206 
 headers={'User-Agent': 'python-requests/2.28.1', 'Accept-Encoding': 'gzip, deflate', 'Accept': '*/*', 'Connection': 'keep-alive', 'Content-Length': '0'} 
 body=None 
 </msg>
<msg timestamp="20221216 17:32:16.903" level="INFO">DELETE Response : url=https://fakerestapi.azurewebsites.net/api/v1/Books/206 
 status=200, reason=OK 
 headers={'Content-Length': '0', 'Date': 'Fri, 16 Dec 2022 11:32:15 GMT', 'Server': 'Kestrel', 'api-supported-versions': '1.0'} 
 body=None 
 </msg>
<msg timestamp="20221216 17:32:16.903" level="INFO">J:\SQA Concepts\Rest API Testing Using Robot Framework in Python\Git\RestAPIAutomation_with_RobotFramework\venv\lib\site-packages\urllib3\connectionpool.py:1045: InsecureRequestWarning: Unverified HTTPS request is being made to host 'fakerestapi.azurewebsites.net'. Adding certificate verification is strongly advised. See: https://urllib3.readthedocs.io/en/1.26.x/advanced-usage.html#ssl-warnings
  warnings.warn(</msg>
<msg timestamp="20221216 17:32:16.903" level="INFO">${response} = &lt;Response [200]&gt;</msg>
<status status="PASS" starttime="20221216 17:32:16.047" endtime="20221216 17:32:16.903"/>
</kw>
<kw name="Log To Console" library="BuiltIn">
<arg>${response.status_code}</arg>
<doc>Logs the given message to the console.</doc>
<status status="PASS" starttime="20221216 17:32:16.903" endtime="20221216 17:32:16.903"/>
</kw>
<kw name="Should Be Equal As Strings" library="BuiltIn">
<arg>${response.status_code}</arg>
<arg>200</arg>
<doc>Fails if objects are unequal after converting them to strings.</doc>
<msg timestamp="20221216 17:32:16.903" level="INFO">Argument types are:
&lt;class 'int'&gt;
&lt;class 'str'&gt;</msg>
<status status="PASS" starttime="20221216 17:32:16.903" endtime="20221216 17:32:16.903"/>
</kw>
<status status="PASS" starttime="20221216 17:32:16.047" endtime="20221216 17:32:16.903"/>
</test>
<status status="PASS" starttime="20221216 17:31:51.665" endtime="20221216 17:32:16.903"/>
</suite>
<statistics>
<total>
<stat pass="5" fail="0" skip="0">All Tests</stat>
</total>
<tag>
</tag>
<suite>
<stat pass="5" fail="0" skip="0" id="s1" name="TC">TC</stat>
</suite>
</statistics>
<errors>
<msg timestamp="20221216 17:31:51.951" level="WARN">Keyword 'RequestsLibrary.Get Request' is deprecated. Please use `GET On Session` instead.</msg>
<msg timestamp="20221216 17:32:12.335" level="WARN">Keyword 'RequestsLibrary.Post Request' is deprecated. Please use `POST On Session` instead.</msg>
<msg timestamp="20221216 17:32:13.368" level="WARN">Keyword 'RequestsLibrary.Get Request' is deprecated. Please use `GET On Session` instead.</msg>
<msg timestamp="20221216 17:32:15.153" level="WARN">Keyword 'RequestsLibrary.Put Request' is deprecated. Please use `PUT On Session` instead.</msg>
<msg timestamp="20221216 17:32:16.047" level="WARN">Keyword 'RequestsLibrary.Delete Request' is deprecated. Please use `DELETE On Session` instead.</msg>
</errors>
</robot>
